<?xml version="1.0" encoding="UTF-8"?>
<!-- Generated by org.testng.reporters.JUnitReportReporter -->
<testsuite hostname="LAPTOP-RALNLQ2A" failures="0" tests="4" name="testRunners.TestRunner" time="39.422" errors="0" timestamp="2025-05-22T15:12:59 IST" skipped="0">
  <testcase classname="testRunners.TestRunner" name="runScenario" time="10.722"/>
  <testcase classname="testRunners.TestRunner" name="runScenario" time="4.445"/>
  <testcase classname="testRunners.TestRunner" name="runScenario" time="6.235"/>
  <testcase classname="testRunners.TestRunner" name="runScenario" time="18.020"/>
</testsuite> <!-- testRunners.TestRunner -->
